This file contains any messages produced by compilers while
running configure, to aid debugging if configure makes a mistake.

It was created by GStreamer RTSP Server Library configure 1.14.1, which was
generated by GNU Autoconf 2.69.  Invocation command line was

  $ ./configure 

## --------- ##
## Platform. ##
## --------- ##

hostname = skynet
uname -m = x86_64
uname -r = 4.19.0-4-amd64
uname -s = Linux
uname -v = #1 SMP Debian 4.19.28-2 (2019-03-15)

/usr/bin/uname -p = unknown
/bin/uname -X     = unknown

/bin/arch              = x86_64
/usr/bin/arch -k       = unknown
/usr/convex/getsysinfo = unknown
/usr/bin/hostinfo      = unknown
/bin/machine           = unknown
/usr/bin/oslevel       = unknown
/bin/universe          = unknown

PATH: /usr/local/bin
PATH: /usr/bin
PATH: /bin
PATH: /usr/local/games
PATH: /usr/games


## ----------- ##
## Core tests. ##
## ----------- ##

configure:2467: checking build system type
configure:2481: result: x86_64-pc-linux-gnu
configure:2501: checking host system type
configure:2514: result: x86_64-pc-linux-gnu
configure:2534: checking target system type
configure:2547: result: x86_64-pc-linux-gnu
configure:2593: checking for a BSD-compatible install
configure:2661: result: /usr/bin/install -c
configure:2672: checking whether build environment is sane
configure:2727: result: yes
configure:2876: checking for a thread-safe mkdir -p
configure:2915: result: /usr/bin/mkdir -p
configure:2922: checking for gawk
configure:2938: found /usr/bin/gawk
configure:2949: result: gawk
configure:2960: checking whether make sets $(MAKE)
configure:2982: result: yes
configure:3011: checking whether make supports nested variables
configure:3028: result: yes
configure:3117: checking whether UID '1000' is supported by ustar format
configure:3120: result: yes
configure:3127: checking whether GID '1000' is supported by ustar format
configure:3130: result: yes
configure:3138: checking how to create a ustar tar archive
configure:3149: tar --version
tar (GNU tar) 1.30
Copyright (C) 2017 Free Software Foundation, Inc.
License GPLv3+: GNU GPL version 3 or later <https://gnu.org/licenses/gpl.html>.
This is free software: you are free to change and redistribute it.
There is NO WARRANTY, to the extent permitted by law.

Written by John Gilmore and Jay Fenlason.
configure:3152: $? = 0
configure:3192: tardir=conftest.dir && eval tar --format=ustar -chf - "$tardir" >conftest.tar
configure:3195: $? = 0
configure:3199: tar -xf - <conftest.tar
configure:3202: $? = 0
configure:3204: cat conftest.dir/file
GrepMe
configure:3207: $? = 0
configure:3220: result: gnutar
configure:3282: checking nano version
configure:3288: result: 0 (release)
configure:3314: checking whether to enable maintainer-specific portions of Makefiles
configure:3323: result: yes
configure:3350: checking whether make supports nested variables
configure:3367: result: yes
configure:3384: WARNING: Libtool does not cope well with whitespace in `pwd`
configure:3428: checking how to print strings
configure:3455: result: printf
configure:3488: checking for style of include used by make
configure:3516: result: GNU
configure:3587: checking for gcc
configure:3603: found /usr/bin/gcc
configure:3614: result: gcc
configure:3843: checking for C compiler version
configure:3852: gcc --version >&5
gcc (Debian 8.3.0-6) 8.3.0
Copyright (C) 2018 Free Software Foundation, Inc.
This is free software; see the source for copying conditions.  There is NO
warranty; not even for MERCHANTABILITY or FITNESS FOR A PARTICULAR PURPOSE.

configure:3863: $? = 0
configure:3852: gcc -v >&5
Using built-in specs.
COLLECT_GCC=gcc
COLLECT_LTO_WRAPPER=/usr/lib/gcc/x86_64-linux-gnu/8/lto-wrapper
OFFLOAD_TARGET_NAMES=nvptx-none
OFFLOAD_TARGET_DEFAULT=1
Target: x86_64-linux-gnu
Configured with: ../src/configure -v --with-pkgversion='Debian 8.3.0-6' --with-bugurl=file:///usr/share/doc/gcc-8/README.Bugs --enable-languages=c,ada,c++,go,brig,d,fortran,objc,obj-c++ --prefix=/usr --with-gcc-major-version-only --program-suffix=-8 --program-prefix=x86_64-linux-gnu- --enable-shared --enable-linker-build-id --libexecdir=/usr/lib --without-included-gettext --enable-threads=posix --libdir=/usr/lib --enable-nls --enable-bootstrap --enable-clocale=gnu --enable-libstdcxx-debug --enable-libstdcxx-time=yes --with-default-libstdcxx-abi=new --enable-gnu-unique-object --disable-vtable-verify --enable-libmpx --enable-plugin --enable-default-pie --with-system-zlib --with-target-system-zlib --enable-objc-gc=auto --enable-multiarch --disable-werror --with-arch-32=i686 --with-abi=m64 --with-multilib-list=m32,m64,mx32 --enable-multilib --with-tune=generic --enable-offload-targets=nvptx-none --without-cuda-driver --enable-checking=release --build=x86_64-linux-gnu --host=x86_64-linux-gnu --target=x86_64-linux-gnu
Thread model: posix
gcc version 8.3.0 (Debian 8.3.0-6) 
configure:3863: $? = 0
configure:3852: gcc -V >&5
gcc: error: unrecognized command line option '-V'
gcc: fatal error: no input files
compilation terminated.
configure:3863: $? = 1
configure:3852: gcc -qversion >&5
gcc: error: unrecognized command line option '-qversion'; did you mean '--version'?
gcc: fatal error: no input files
compilation terminated.
configure:3863: $? = 1
configure:3883: checking whether the C compiler works
configure:3905: gcc    conftest.c  >&5
configure:3909: $? = 0
configure:3957: result: yes
configure:3960: checking for C compiler default output file name
configure:3962: result: a.out
configure:3968: checking for suffix of executables
configure:3975: gcc -o conftest    conftest.c  >&5
configure:3979: $? = 0
configure:4001: result: 
configure:4023: checking whether we are cross compiling
configure:4031: gcc -o conftest    conftest.c  >&5
configure:4035: $? = 0
configure:4042: ./conftest
configure:4046: $? = 0
configure:4034: result: no
configure:4039: checking for suffix of object files
configure:4061: gcc -c   conftest.c >&5
configure:4065: $? = 0
configure:4086: result: o
configure:4090: checking whether we are using the GNU C compiler
configure:4109: gcc -c   conftest.c >&5
configure:4109: $? = 0
configure:4118: result: yes
configure:4127: checking whether gcc accepts -g
configure:4147: gcc -c -g  conftest.c >&5
configure:4147: $? = 0
configure:4188: result: yes
configure:4205: checking for gcc option to accept ISO C89
configure:4268: gcc  -c -g -O2  conftest.c >&5
configure:4268: $? = 0
configure:4281: result: none needed
configure:4306: checking whether gcc understands -c and -o together
configure:4328: gcc -c conftest.c -o conftest2.o
configure:4331: $? = 0
configure:4328: gcc -c conftest.c -o conftest2.o
configure:4331: $? = 0
configure:4343: result: yes
configure:4362: checking dependency style of gcc
configure:4473: result: gcc3
configure:4488: checking for a sed that does not truncate output
configure:4552: result: /usr/bin/sed
configure:4570: checking for grep that handles long lines and -e
configure:4628: result: /usr/bin/grep
configure:4633: checking for egrep
configure:4695: result: /usr/bin/grep -E
configure:4700: checking for fgrep
configure:4762: result: /usr/bin/grep -F
configure:4797: checking for ld used by gcc
configure:4864: result: /usr/bin/ld
configure:4871: checking if the linker (/usr/bin/ld) is GNU ld
configure:4886: result: yes
configure:4898: checking for BSD- or MS-compatible name lister (nm)
configure:4952: result: /usr/bin/nm -B
configure:5082: checking the name lister (/usr/bin/nm -B) interface
configure:5089: gcc -c -g -O2  conftest.c >&5
configure:5092: /usr/bin/nm -B "conftest.o"
configure:5095: output
0000000000000000 B some_variable
configure:5096: result: BSD nm
configure:5099: checking whether ln -s works
configure:5103: result: yes
configure:5111: checking the maximum length of command line arguments
configure:5242: result: 1572864
configure:5290: checking how to convert x86_64-pc-linux-gnu file names to x86_64-pc-linux-gnu format
configure:5330: result: func_convert_file_noop
configure:5337: checking how to convert x86_64-pc-linux-gnu file names to toolchain format
configure:5357: result: func_convert_file_noop
configure:5364: checking for /usr/bin/ld option to reload object files
configure:5371: result: -r
configure:5445: checking for objdump
configure:5461: found /usr/bin/objdump
configure:5472: result: objdump
configure:5501: checking how to recognize dependent libraries
configure:5701: result: pass_all
configure:5786: checking for dlltool
configure:5816: result: no
configure:5843: checking how to associate runtime and link libraries
configure:5870: result: printf %s\n
configure:5931: checking for ar
configure:5947: found /usr/bin/ar
configure:5958: result: ar
configure:5995: checking for archiver @FILE support
configure:6012: gcc -c -g -O2  conftest.c >&5
configure:6012: $? = 0
configure:6015: ar cru libconftest.a @conftest.lst >&5
ar: `u' modifier ignored since `D' is the default (see `U')
configure:6018: $? = 0
configure:6023: ar cru libconftest.a @conftest.lst >&5
ar: `u' modifier ignored since `D' is the default (see `U')
ar: conftest.o: No such file or directory
configure:6026: $? = 1
configure:6025: result: @
configure:6083: checking for strip
configure:6099: found /usr/bin/strip
configure:6110: result: strip
configure:6182: checking for ranlib
configure:6198: found /usr/bin/ranlib
configure:6209: result: ranlib
configure:6311: checking command to parse /usr/bin/nm -B output from gcc object
configure:6464: gcc -c -g -O2  conftest.c >&5
configure:6467: $? = 0
configure:6471: /usr/bin/nm -B conftest.o \| sed -n -e 's/^.*[ ]\([ABCDGIRSTW][ABCDGIRSTW]*\)[ ][ ]*\([_A-Za-z][_A-Za-z0-9]*\)$/\1 \2 \2/p' | sed '/ __gnu_lto/d' \> conftest.nm
configure:6474: $? = 0
configure:6540: gcc -o conftest -g -O2   conftest.c conftstm.o >&5
configure:6543: $? = 0
configure:6581: result: ok
configure:6628: checking for sysroot
configure:6658: result: no
configure:6665: checking for a working dd
configure:6703: result: /usr/bin/dd
configure:6707: checking how to truncate binary pipes
configure:6722: result: /usr/bin/dd bs=4096 count=1
configure:6858: gcc -c -g -O2  conftest.c >&5
configure:6861: $? = 0
configure:7051: checking for mt
configure:7067: found /usr/bin/mt
configure:7078: result: mt
configure:7101: checking if mt is a manifest tool
configure:7107: mt '-?'
configure:7115: result: no
configure:7792: checking how to run the C preprocessor
configure:7823: gcc -E  conftest.c
configure:7823: $? = 0
configure:7837: gcc -E  conftest.c
conftest.c:11:10: fatal error: ac_nonexistent.h: No such file or directory
 #include <ac_nonexistent.h>
          ^~~~~~~~~~~~~~~~~~
compilation terminated.
configure:7837: $? = 1
configure: failed program was:
| /* confdefs.h */
| #define PACKAGE_NAME "GStreamer RTSP Server Library"
| #define PACKAGE_TARNAME "gst-rtsp-server"
| #define PACKAGE_VERSION "1.14.1"
| #define PACKAGE_STRING "GStreamer RTSP Server Library 1.14.1"
| #define PACKAGE_BUGREPORT "http://bugzilla.gnome.org/enter_bug.cgi?product=GStreamer"
| #define PACKAGE_URL ""
| #define PACKAGE "gst-rtsp-server"
| #define VERSION "1.14.1"
| /* end confdefs.h.  */
| #include <ac_nonexistent.h>
configure:7862: result: gcc -E
configure:7882: gcc -E  conftest.c
configure:7882: $? = 0
configure:7896: gcc -E  conftest.c
conftest.c:11:10: fatal error: ac_nonexistent.h: No such file or directory
 #include <ac_nonexistent.h>
          ^~~~~~~~~~~~~~~~~~
compilation terminated.
configure:7896: $? = 1
configure: failed program was:
| /* confdefs.h */
| #define PACKAGE_NAME "GStreamer RTSP Server Library"
| #define PACKAGE_TARNAME "gst-rtsp-server"
| #define PACKAGE_VERSION "1.14.1"
| #define PACKAGE_STRING "GStreamer RTSP Server Library 1.14.1"
| #define PACKAGE_BUGREPORT "http://bugzilla.gnome.org/enter_bug.cgi?product=GStreamer"
| #define PACKAGE_URL ""
| #define PACKAGE "gst-rtsp-server"
| #define VERSION "1.14.1"
| /* end confdefs.h.  */
| #include <ac_nonexistent.h>
configure:7925: checking for ANSI C header files
configure:7945: gcc -c -g -O2  conftest.c >&5
configure:7945: $? = 0
configure:8018: gcc -o conftest -g -O2   conftest.c  >&5
configure:8018: $? = 0
configure:8018: ./conftest
configure:8018: $? = 0
configure:8029: result: yes
configure:8042: checking for sys/types.h
configure:8042: gcc -c -g -O2  conftest.c >&5
configure:8042: $? = 0
configure:8042: result: yes
configure:8042: checking for sys/stat.h
configure:8042: gcc -c -g -O2  conftest.c >&5
configure:8042: $? = 0
configure:8042: result: yes
configure:8042: checking for stdlib.h
configure:8042: gcc -c -g -O2  conftest.c >&5
configure:8042: $? = 0
configure:8042: result: yes
configure:8042: checking for string.h
configure:8042: gcc -c -g -O2  conftest.c >&5
configure:8042: $? = 0
configure:8042: result: yes
configure:8042: checking for memory.h
configure:8042: gcc -c -g -O2  conftest.c >&5
configure:8042: $? = 0
configure:8042: result: yes
configure:8042: checking for strings.h
configure:8042: gcc -c -g -O2  conftest.c >&5
configure:8042: $? = 0
configure:8042: result: yes
configure:8042: checking for inttypes.h
configure:8042: gcc -c -g -O2  conftest.c >&5
configure:8042: $? = 0
configure:8042: result: yes
configure:8042: checking for stdint.h
configure:8042: gcc -c -g -O2  conftest.c >&5
configure:8042: $? = 0
configure:8042: result: yes
configure:8042: checking for unistd.h
configure:8042: gcc -c -g -O2  conftest.c >&5
configure:8042: $? = 0
configure:8042: result: yes
configure:8056: checking for dlfcn.h
configure:8056: gcc -c -g -O2  conftest.c >&5
configure:8056: $? = 0
configure:8056: result: yes
configure:8626: checking for objdir
configure:8641: result: .libs
configure:8905: checking if gcc supports -fno-rtti -fno-exceptions
configure:8923: gcc -c -g -O2  -fno-rtti -fno-exceptions conftest.c >&5
cc1: warning: command line option '-fno-rtti' is valid for C++/ObjC++ but not for C
configure:8927: $? = 0
configure:8940: result: no
configure:9298: checking for gcc option to produce PIC
configure:9305: result: -fPIC -DPIC
configure:9313: checking if gcc PIC flag -fPIC -DPIC works
configure:9331: gcc -c -g -O2  -fPIC -DPIC -DPIC conftest.c >&5
configure:9335: $? = 0
configure:9348: result: yes
configure:9377: checking if gcc static flag -static works
configure:9405: result: yes
configure:9420: checking if gcc supports -c -o file.o
configure:9441: gcc -c -g -O2  -o out/conftest2.o conftest.c >&5
configure:9445: $? = 0
configure:9467: result: yes
configure:9475: checking if gcc supports -c -o file.o
configure:9522: result: yes
configure:9555: checking whether the gcc linker (/usr/bin/ld -m elf_x86_64) supports shared libraries
configure:10818: result: yes
configure:10855: checking whether -lc should be explicitly linked in
configure:10863: gcc -c -g -O2  conftest.c >&5
configure:10866: $? = 0
configure:10881: gcc -shared  -fPIC -DPIC conftest.o  -v -Wl,-soname -Wl,conftest -o conftest 2\>\&1 \| /usr/bin/grep  -lc  \>/dev/null 2\>\&1
configure:10884: $? = 0
configure:10898: result: no
configure:11058: checking dynamic linker characteristics
configure:11639: gcc -o conftest -g -O2   -Wl,-rpath -Wl,/foo conftest.c  >&5
configure:11639: $? = 0
configure:11888: result: GNU/Linux ld.so
configure:12010: checking how to hardcode library paths into programs
configure:12035: result: immediate
configure:12137: checking for shl_load
configure:12137: gcc -o conftest -g -O2   conftest.c  >&5
/usr/bin/ld: /tmp/ccmoO4HP.o: in function `main':
/home/sky/Downloads/Telegram Desktop/rtsp-streamer/gst-rtsp-server1.0_1.14u1804/gst-rtsp-server1.0-1.14.1/conftest.c:57: undefined reference to `shl_load'
collect2: error: ld returned 1 exit status
configure:12137: $? = 1
configure: failed program was:
| /* confdefs.h */
| #define PACKAGE_NAME "GStreamer RTSP Server Library"
| #define PACKAGE_TARNAME "gst-rtsp-server"
| #define PACKAGE_VERSION "1.14.1"
| #define PACKAGE_STRING "GStreamer RTSP Server Library 1.14.1"
| #define PACKAGE_BUGREPORT "http://bugzilla.gnome.org/enter_bug.cgi?product=GStreamer"
| #define PACKAGE_URL ""
| #define PACKAGE "gst-rtsp-server"
| #define VERSION "1.14.1"
| #define STDC_HEADERS 1
| #define HAVE_SYS_TYPES_H 1
| #define HAVE_SYS_STAT_H 1
| #define HAVE_STDLIB_H 1
| #define HAVE_STRING_H 1
| #define HAVE_MEMORY_H 1
| #define HAVE_STRINGS_H 1
| #define HAVE_INTTYPES_H 1
| #define HAVE_STDINT_H 1
| #define HAVE_UNISTD_H 1
| #define HAVE_DLFCN_H 1
| #define LT_OBJDIR ".libs/"
| /* end confdefs.h.  */
| /* Define shl_load to an innocuous variant, in case <limits.h> declares shl_load.
|    For example, HP-UX 11i <limits.h> declares gettimeofday.  */
| #define shl_load innocuous_shl_load
| 
| /* System header to define __stub macros and hopefully few prototypes,
|     which can conflict with char shl_load (); below.
|     Prefer <limits.h> to <assert.h> if __STDC__ is defined, since
|     <limits.h> exists even on freestanding compilers.  */
| 
| #ifdef __STDC__
| # include <limits.h>
| #else
| # include <assert.h>
| #endif
| 
| #undef shl_load
| 
| /* Override any GCC internal prototype to avoid an error.
|    Use char because int might match the return type of a GCC
|    builtin and then its argument prototype would still apply.  */
| #ifdef __cplusplus
| extern "C"
| #endif
| char shl_load ();
| /* The GNU C library defines this for functions which it implements
|     to always fail with ENOSYS.  Some functions are actually named
|     something starting with __ and the normal name is an alias.  */
| #if defined __stub_shl_load || defined __stub___shl_load
| choke me
| #endif
| 
| int
| main ()
| {
| return shl_load ();
|   ;
|   return 0;
| }
configure:12137: result: no
configure:12141: checking for shl_load in -ldld
configure:12166: gcc -o conftest -g -O2   conftest.c -ldld   >&5
/usr/bin/ld: cannot find -ldld
collect2: error: ld returned 1 exit status
configure:12166: $? = 1
configure: failed program was:
| /* confdefs.h */
| #define PACKAGE_NAME "GStreamer RTSP Server Library"
| #define PACKAGE_TARNAME "gst-rtsp-server"
| #define PACKAGE_VERSION "1.14.1"
| #define PACKAGE_STRING "GStreamer RTSP Server Library 1.14.1"
| #define PACKAGE_BUGREPORT "http://bugzilla.gnome.org/enter_bug.cgi?product=GStreamer"
| #define PACKAGE_URL ""
| #define PACKAGE "gst-rtsp-server"
| #define VERSION "1.14.1"
| #define STDC_HEADERS 1
| #define HAVE_SYS_TYPES_H 1
| #define HAVE_SYS_STAT_H 1
| #define HAVE_STDLIB_H 1
| #define HAVE_STRING_H 1
| #define HAVE_MEMORY_H 1
| #define HAVE_STRINGS_H 1
| #define HAVE_INTTYPES_H 1
| #define HAVE_STDINT_H 1
| #define HAVE_UNISTD_H 1
| #define HAVE_DLFCN_H 1
| #define LT_OBJDIR ".libs/"
| /* end confdefs.h.  */
| 
| /* Override any GCC internal prototype to avoid an error.
|    Use char because int might match the return type of a GCC
|    builtin and then its argument prototype would still apply.  */
| #ifdef __cplusplus
| extern "C"
| #endif
| char shl_load ();
| int
| main ()
| {
| return shl_load ();
|   ;
|   return 0;
| }
configure:12175: result: no
configure:12180: checking for dlopen
configure:12180: gcc -o conftest -g -O2   conftest.c  >&5
/usr/bin/ld: /tmp/ccmW5G1Y.o: in function `main':
/home/sky/Downloads/Telegram Desktop/rtsp-streamer/gst-rtsp-server1.0_1.14u1804/gst-rtsp-server1.0-1.14.1/conftest.c:57: undefined reference to `dlopen'
collect2: error: ld returned 1 exit status
configure:12180: $? = 1
configure: failed program was:
| /* confdefs.h */
| #define PACKAGE_NAME "GStreamer RTSP Server Library"
| #define PACKAGE_TARNAME "gst-rtsp-server"
| #define PACKAGE_VERSION "1.14.1"
| #define PACKAGE_STRING "GStreamer RTSP Server Library 1.14.1"
| #define PACKAGE_BUGREPORT "http://bugzilla.gnome.org/enter_bug.cgi?product=GStreamer"
| #define PACKAGE_URL ""
| #define PACKAGE "gst-rtsp-server"
| #define VERSION "1.14.1"
| #define STDC_HEADERS 1
| #define HAVE_SYS_TYPES_H 1
| #define HAVE_SYS_STAT_H 1
| #define HAVE_STDLIB_H 1
| #define HAVE_STRING_H 1
| #define HAVE_MEMORY_H 1
| #define HAVE_STRINGS_H 1
| #define HAVE_INTTYPES_H 1
| #define HAVE_STDINT_H 1
| #define HAVE_UNISTD_H 1
| #define HAVE_DLFCN_H 1
| #define LT_OBJDIR ".libs/"
| /* end confdefs.h.  */
| /* Define dlopen to an innocuous variant, in case <limits.h> declares dlopen.
|    For example, HP-UX 11i <limits.h> declares gettimeofday.  */
| #define dlopen innocuous_dlopen
| 
| /* System header to define __stub macros and hopefully few prototypes,
|     which can conflict with char dlopen (); below.
|     Prefer <limits.h> to <assert.h> if __STDC__ is defined, since
|     <limits.h> exists even on freestanding compilers.  */
| 
| #ifdef __STDC__
| # include <limits.h>
| #else
| # include <assert.h>
| #endif
| 
| #undef dlopen
| 
| /* Override any GCC internal prototype to avoid an error.
|    Use char because int might match the return type of a GCC
|    builtin and then its argument prototype would still apply.  */
| #ifdef __cplusplus
| extern "C"
| #endif
| char dlopen ();
| /* The GNU C library defines this for functions which it implements
|     to always fail with ENOSYS.  Some functions are actually named
|     something starting with __ and the normal name is an alias.  */
| #if defined __stub_dlopen || defined __stub___dlopen
| choke me
| #endif
| 
| int
| main ()
| {
| return dlopen ();
|   ;
|   return 0;
| }
configure:12180: result: no
configure:12184: checking for dlopen in -ldl
configure:12209: gcc -o conftest -g -O2   conftest.c -ldl   >&5
configure:12209: $? = 0
configure:12218: result: yes
configure:12337: checking whether a program can dlopen itself
configure:12417: gcc -o conftest -g -O2  -DHAVE_DLFCN_H  -Wl,--export-dynamic conftest.c -ldl  >&5
configure:12420: $? = 0
configure:12438: result: yes
configure:12443: checking whether a statically linked program can dlopen itself
configure:12523: gcc -o conftest -g -O2  -DHAVE_DLFCN_H  -Wl,--export-dynamic -static conftest.c -ldl  >&5
/usr/bin/ld: /tmp/ccWq4sE1.o: in function `main':
/home/sky/Downloads/Telegram Desktop/rtsp-streamer/gst-rtsp-server1.0_1.14u1804/gst-rtsp-server1.0-1.14.1/configure:12502: warning: Using 'dlopen' in statically linked applications requires at runtime the shared libraries from the glibc version used for linking
configure:12526: $? = 0
conftest: undefined symbol: _fnord
configure:12544: result: no
configure:12583: checking whether stripping libraries is possible
configure:12588: result: yes
configure:12623: checking if libtool supports shared libraries
configure:12625: result: yes
configure:12628: checking whether to build shared libraries
configure:12653: result: yes
configure:12656: checking whether to build static libraries
configure:12660: result: no
configure:9660: checking for pkg-config
configure:9678: found /usr/bin/pkg-config
configure:9690: result: /usr/bin/pkg-config
configure:9715: checking pkg-config is at least version 0.9.0
configure:9718: result: yes
configure:9744: checking for VALGRIND
configure:9752: $PKG_CONFIG --exists --print-errors "valgrind >= $VALGRIND_REQ"
Package valgrind was not found in the pkg-config search path.
Perhaps you should add the directory containing `valgrind.pc'
to the PKG_CONFIG_PATH environment variable
No package 'valgrind' found
configure:9755: $? = 1
configure:9770: $PKG_CONFIG --exists --print-errors "valgrind >= $VALGRIND_REQ"
Package valgrind was not found in the pkg-config search path.
Perhaps you should add the directory containing `valgrind.pc'
to the PKG_CONFIG_PATH environment variable
No package 'valgrind' found
configure:9773: $? = 1
No package 'valgrind' found
configure:9801: result: no
configure:9990: Using GStreamer RTSP Server Library source release as package name
configure:10014: Using Unknown package origin as package origin
configure:10053: Using GST_PKG_CONFIG_PATH = $(top_builddir)/pkgconfig
configure:10087: Setting GST_PACKAGE_RELEASE_DATETIME to 2018-05-17
configure:10211: checking for gcc
configure:10238: result: gcc
configure:10467: checking for C compiler version
configure:10476: gcc --version >&5
gcc (Debian 8.3.0-6) 8.3.0
Copyright (C) 2018 Free Software Foundation, Inc.
This is free software; see the source for copying conditions.  There is NO
warranty; not even for MERCHANTABILITY or FITNESS FOR A PARTICULAR PURPOSE.

configure:10487: $? = 0
configure:10476: gcc -v >&5
Using built-in specs.
COLLECT_GCC=gcc
COLLECT_LTO_WRAPPER=/usr/lib/gcc/x86_64-linux-gnu/8/lto-wrapper
OFFLOAD_TARGET_NAMES=nvptx-none
OFFLOAD_TARGET_DEFAULT=1
Target: x86_64-linux-gnu
Configured with: ../src/configure -v --with-pkgversion='Debian 8.3.0-6' --with-bugurl=file:///usr/share/doc/gcc-8/README.Bugs --enable-languages=c,ada,c++,go,brig,d,fortran,objc,obj-c++ --prefix=/usr --with-gcc-major-version-only --program-suffix=-8 --program-prefix=x86_64-linux-gnu- --enable-shared --enable-linker-build-id --libexecdir=/usr/lib --without-included-gettext --enable-threads=posix --libdir=/usr/lib --enable-nls --enable-bootstrap --enable-clocale=gnu --enable-libstdcxx-debug --enable-libstdcxx-time=yes --with-default-libstdcxx-abi=new --enable-gnu-unique-object --disable-vtable-verify --enable-libmpx --enable-plugin --enable-default-pie --with-system-zlib --with-target-system-zlib --enable-objc-gc=auto --enable-multiarch --disable-werror --with-arch-32=i686 --with-abi=m64 --with-multilib-list=m32,m64,mx32 --enable-multilib --with-tune=generic --enable-offload-targets=nvptx-none --without-cuda-driver --enable-checking=release --build=x86_64-linux-gnu --host=x86_64-linux-gnu --target=x86_64-linux-gnu
Thread model: posix
gcc version 8.3.0 (Debian 8.3.0-6) 
configure:10487: $? = 0
configure:10476: gcc -V >&5
gcc: error: unrecognized command line option '-V'
gcc: fatal error: no input files
compilation terminated.
configure:10487: $? = 1
configure:10476: gcc -qversion >&5
gcc: error: unrecognized command line option '-qversion'; did you mean '--version'?
gcc: fatal error: no input files
compilation terminated.
configure:10487: $? = 1
configure:10491: checking whether we are using the GNU C compiler
configure:10519: result: yes
configure:10528: checking whether gcc accepts -g
configure:10589: result: yes
configure:10606: checking for gcc option to accept ISO C89
configure:10682: result: none needed
configure:10707: checking whether gcc understands -c and -o together
configure:10744: result: yes
configure:10763: checking dependency style of gcc
configure:10874: result: gcc3
configure:10893: checking for gcc option to accept ISO C99
configure:11042: gcc  -c -g -O2  conftest.c >&5
configure:11042: $? = 0
configure:11055: result: none needed
configure:11163: checking for gcc option to accept ISO Standard C
configure:11174: result: none needed
configure:11193: checking dependency style of gcc
configure:11302: result: gcc3
configure:11320: checking for valgrind
configure:11351: result: no
configure:11379: checking for gobject-introspection
configure:11410: $PKG_CONFIG --exists --print-errors "gobject-introspection-1.0 >= 1.31.1"
Package gobject-introspection-1.0 was not found in the pkg-config search path.
Perhaps you should add the directory containing `gobject-introspection-1.0.pc'
to the PKG_CONFIG_PATH environment variable
No package 'gobject-introspection-1.0' found
configure:11413: $? = 1
configure:11424: result: no
configure:12023: checking for gtkdoc-check
configure:12056: result: no
configure:12065: checking for gtkdoc-rebase
configure:12098: result: no
configure:12109: checking for gtkdoc-mkpdf
configure:12142: result: no
configure:12343: checking whether to build gtk-doc documentation
configure:12345: result: no
configure:12586: checking whether gcc is Clang
configure:12611: result: no
configure:12734: checking whether pthreads work with -pthread
configure:12828: gcc -o conftest -g -O2 -pthread   conftest.c   >&5
configure:12828: $? = 0
configure:12837: result: yes
configure:12856: checking for joinable pthread attribute
configure:12874: gcc -o conftest -g -O2 -pthread   conftest.c   >&5
configure:12874: $? = 0
configure:12882: result: PTHREAD_CREATE_JOINABLE
configure:12896: checking whether more special flags are required for pthreads
configure:12909: result: no
configure:12917: checking for PTHREAD_PRIO_INHERIT
configure:12933: gcc -o conftest -g -O2 -pthread   conftest.c   >&5
configure:12933: $? = 0
configure:12942: result: yes
configure:13069: checking for GLIB
configure:13077: $PKG_CONFIG --exists --print-errors "$which"
configure:13080: $? = 0
configure:13095: $PKG_CONFIG --exists --print-errors "$which"
configure:13098: $? = 0
configure:13150: result: yes
configure:13201: checking for glib-genmarshal
configure:13209: result: /usr/bin/glib-genmarshal (from pkg-config path)
configure:13263: checking for glib-mkenums
configure:13270: result: /usr/bin/glib-mkenums
configure:13283: checking for GIO
configure:13291: $PKG_CONFIG --exists --print-errors "gio-2.0 >= $GLIB_REQ"
configure:13294: $? = 0
configure:13309: $PKG_CONFIG --exists --print-errors "gio-2.0 >= $GLIB_REQ"
configure:13312: $? = 0
configure:13367: result: yes
configure:13407: checking for GST
configure:13415: $PKG_CONFIG --exists --print-errors "$module >= $minver"
Package gstreamer-1.0 was not found in the pkg-config search path.
Perhaps you should add the directory containing `gstreamer-1.0.pc'
to the PKG_CONFIG_PATH environment variable
No package 'gstreamer-1.0' found
configure:13418: $? = 1
configure:13433: $PKG_CONFIG --exists --print-errors "$module >= $minver"
Package gstreamer-1.0 was not found in the pkg-config search path.
Perhaps you should add the directory containing `gstreamer-1.0.pc'
to the PKG_CONFIG_PATH environment variable
No package 'gstreamer-1.0' found
configure:13436: $? = 1
No package 'gstreamer-1.0' found
configure:13464: result: no
configure:13468: No package 'gstreamer-1.0' found
configure:13471: error: no gstreamer-1.0 >= 1.14.1 (GStreamer) found

## ---------------- ##
## Cache variables. ##
## ---------------- ##

ac_cv_build=x86_64-pc-linux-gnu
ac_cv_c_compiler_gnu=yes
ac_cv_env_CCASFLAGS_set=
ac_cv_env_CCASFLAGS_value=
ac_cv_env_CCAS_set=
ac_cv_env_CCAS_value=
ac_cv_env_CC_set=
ac_cv_env_CC_value=
ac_cv_env_CFLAGS_set=
ac_cv_env_CFLAGS_value=
ac_cv_env_CPPFLAGS_set=
ac_cv_env_CPPFLAGS_value=
ac_cv_env_CPP_set=
ac_cv_env_CPP_value=
ac_cv_env_GIO_CFLAGS_set=
ac_cv_env_GIO_CFLAGS_value=
ac_cv_env_GIO_LIBS_set=
ac_cv_env_GIO_LIBS_value=
ac_cv_env_GLIB_CFLAGS_set=
ac_cv_env_GLIB_CFLAGS_value=
ac_cv_env_GLIB_LIBS_set=
ac_cv_env_GLIB_LIBS_value=
ac_cv_env_GST_BASE_CFLAGS_set=
ac_cv_env_GST_BASE_CFLAGS_value=
ac_cv_env_GST_BASE_LIBS_set=
ac_cv_env_GST_BASE_LIBS_value=
ac_cv_env_GST_CFLAGS_set=
ac_cv_env_GST_CFLAGS_value=
ac_cv_env_GST_CHECK_CFLAGS_set=
ac_cv_env_GST_CHECK_CFLAGS_value=
ac_cv_env_GST_CHECK_LIBS_set=
ac_cv_env_GST_CHECK_LIBS_value=
ac_cv_env_GST_LIBS_set=
ac_cv_env_GST_LIBS_value=
ac_cv_env_GST_NET_CFLAGS_set=
ac_cv_env_GST_NET_CFLAGS_value=
ac_cv_env_GST_NET_LIBS_set=
ac_cv_env_GST_NET_LIBS_value=
ac_cv_env_GST_PLUGINS_BAD_CFLAGS_set=
ac_cv_env_GST_PLUGINS_BAD_CFLAGS_value=
ac_cv_env_GST_PLUGINS_BAD_LIBS_set=
ac_cv_env_GST_PLUGINS_BAD_LIBS_value=
ac_cv_env_GST_PLUGINS_BASE_CFLAGS_set=
ac_cv_env_GST_PLUGINS_BASE_CFLAGS_value=
ac_cv_env_GST_PLUGINS_BASE_LIBS_set=
ac_cv_env_GST_PLUGINS_BASE_LIBS_value=
ac_cv_env_GST_PLUGINS_GOOD_CFLAGS_set=
ac_cv_env_GST_PLUGINS_GOOD_CFLAGS_value=
ac_cv_env_GST_PLUGINS_GOOD_LIBS_set=
ac_cv_env_GST_PLUGINS_GOOD_LIBS_value=
ac_cv_env_GTKDOC_DEPS_CFLAGS_set=
ac_cv_env_GTKDOC_DEPS_CFLAGS_value=
ac_cv_env_GTKDOC_DEPS_LIBS_set=
ac_cv_env_GTKDOC_DEPS_LIBS_value=
ac_cv_env_LDFLAGS_set=
ac_cv_env_LDFLAGS_value=
ac_cv_env_LIBCGROUP_CFLAGS_set=
ac_cv_env_LIBCGROUP_CFLAGS_value=
ac_cv_env_LIBCGROUP_LIBS_set=
ac_cv_env_LIBCGROUP_LIBS_value=
ac_cv_env_LIBS_set=
ac_cv_env_LIBS_value=
ac_cv_env_LT_SYS_LIBRARY_PATH_set=
ac_cv_env_LT_SYS_LIBRARY_PATH_value=
ac_cv_env_PKG_CONFIG_set=
ac_cv_env_PKG_CONFIG_value=
ac_cv_env_VALGRIND_CFLAGS_set=
ac_cv_env_VALGRIND_CFLAGS_value=
ac_cv_env_VALGRIND_LIBS_set=
ac_cv_env_VALGRIND_LIBS_value=
ac_cv_env_build_alias_set=
ac_cv_env_build_alias_value=
ac_cv_env_host_alias_set=
ac_cv_env_host_alias_value=
ac_cv_env_target_alias_set=
ac_cv_env_target_alias_value=
ac_cv_func_dlopen=no
ac_cv_func_shl_load=no
ac_cv_header_dlfcn_h=yes
ac_cv_header_inttypes_h=yes
ac_cv_header_memory_h=yes
ac_cv_header_stdc=yes
ac_cv_header_stdint_h=yes
ac_cv_header_stdlib_h=yes
ac_cv_header_string_h=yes
ac_cv_header_strings_h=yes
ac_cv_header_sys_stat_h=yes
ac_cv_header_sys_types_h=yes
ac_cv_header_unistd_h=yes
ac_cv_host=x86_64-pc-linux-gnu
ac_cv_lib_dl_dlopen=yes
ac_cv_lib_dld_shl_load=no
ac_cv_objext=o
ac_cv_path_EGREP='/usr/bin/grep -E'
ac_cv_path_FGREP='/usr/bin/grep -F'
ac_cv_path_GREP=/usr/bin/grep
ac_cv_path_SED=/usr/bin/sed
ac_cv_path_VALGRIND_PATH=no
ac_cv_path_ac_pt_PKG_CONFIG=/usr/bin/pkg-config
ac_cv_path_install='/usr/bin/install -c'
ac_cv_path_lt_DD=/usr/bin/dd
ac_cv_path_mkdir=/usr/bin/mkdir
ac_cv_prog_AWK=gawk
ac_cv_prog_CPP='gcc -E'
ac_cv_prog_ac_ct_AR=ar
ac_cv_prog_ac_ct_CC=gcc
ac_cv_prog_ac_ct_MANIFEST_TOOL=mt
ac_cv_prog_ac_ct_OBJDUMP=objdump
ac_cv_prog_ac_ct_RANLIB=ranlib
ac_cv_prog_ac_ct_STRIP=strip
ac_cv_prog_cc_c89=
ac_cv_prog_cc_c99=
ac_cv_prog_cc_g=yes
ac_cv_prog_cc_stdc=
ac_cv_prog_make_make_set=yes
ac_cv_target=x86_64-pc-linux-gnu
am_cv_CCAS_dependencies_compiler_type=gcc3
am_cv_CC_dependencies_compiler_type=gcc3
am_cv_make_support_nested_variables=yes
am_cv_prog_cc_c_o=yes
am_cv_prog_tar_ustar=gnutar
ax_cv_PTHREAD_CLANG=no
ax_cv_PTHREAD_JOINABLE_ATTR=PTHREAD_CREATE_JOINABLE
ax_cv_PTHREAD_PRIO_INHERIT=yes
ax_cv_PTHREAD_SPECIAL_FLAGS=no
lt_cv_ar_at_file=@
lt_cv_archive_cmds_need_lc=no
lt_cv_deplibs_check_method=pass_all
lt_cv_dlopen=dlopen
lt_cv_dlopen_libs=-ldl
lt_cv_dlopen_self=yes
lt_cv_dlopen_self_static=no
lt_cv_file_magic_cmd='$MAGIC_CMD'
lt_cv_file_magic_test_file=
lt_cv_ld_reload_flag=-r
lt_cv_nm_interface='BSD nm'
lt_cv_objdir=.libs
lt_cv_path_LD=/usr/bin/ld
lt_cv_path_NM='/usr/bin/nm -B'
lt_cv_path_mainfest_tool=no
lt_cv_prog_compiler_c_o=yes
lt_cv_prog_compiler_pic='-fPIC -DPIC'
lt_cv_prog_compiler_pic_works=yes
lt_cv_prog_compiler_rtti_exceptions=no
lt_cv_prog_compiler_static_works=yes
lt_cv_prog_gnu_ld=yes
lt_cv_sharedlib_from_linklib_cmd='printf %s\n'
lt_cv_shlibpath_overrides_runpath=yes
lt_cv_sys_global_symbol_pipe='sed -n -e '\''s/^.*[	 ]\([ABCDGIRSTW][ABCDGIRSTW]*\)[	 ][	 ]*\([_A-Za-z][_A-Za-z0-9]*\)$/\1 \2 \2/p'\'' | sed '\''/ __gnu_lto/d'\'''
lt_cv_sys_global_symbol_to_c_name_address='sed -n -e '\''s/^: \(.*\) .*$/  {"\1", (void *) 0},/p'\'' -e '\''s/^[ABCDGIRSTW][ABCDGIRSTW]* .* \(.*\)$/  {"\1", (void *) \&\1},/p'\'''
lt_cv_sys_global_symbol_to_c_name_address_lib_prefix='sed -n -e '\''s/^: \(.*\) .*$/  {"\1", (void *) 0},/p'\'' -e '\''s/^[ABCDGIRSTW][ABCDGIRSTW]* .* \(lib.*\)$/  {"\1", (void *) \&\1},/p'\'' -e '\''s/^[ABCDGIRSTW][ABCDGIRSTW]* .* \(.*\)$/  {"lib\1", (void *) \&\1},/p'\'''
lt_cv_sys_global_symbol_to_cdecl='sed -n -e '\''s/^T .* \(.*\)$/extern int \1();/p'\'' -e '\''s/^[ABCDGIRSTW][ABCDGIRSTW]* .* \(.*\)$/extern char \1;/p'\'''
lt_cv_sys_global_symbol_to_import=
lt_cv_sys_max_cmd_len=1572864
lt_cv_to_host_file_cmd=func_convert_file_noop
lt_cv_to_tool_file_cmd=func_convert_file_noop
lt_cv_truncate_bin='/usr/bin/dd bs=4096 count=1'
pkg_cv_GIO_CFLAGS='-pthread -I/usr/include/libmount -I/usr/include/blkid -I/usr/include/uuid -I/usr/include/glib-2.0 -I/usr/lib/x86_64-linux-gnu/glib-2.0/include'
pkg_cv_GIO_LIBS='-lgio-2.0 -lgobject-2.0 -lglib-2.0'
pkg_cv_GLIB_CFLAGS='-pthread -I/usr/include/glib-2.0 -I/usr/lib/x86_64-linux-gnu/glib-2.0/include'
pkg_cv_GLIB_LIBS='-lgobject-2.0 -lgmodule-2.0 -pthread -lglib-2.0'

## ----------------- ##
## Output variables. ##
## ----------------- ##

ACLOCAL='${SHELL} "/home/sky/Downloads/Telegram Desktop/rtsp-streamer/gst-rtsp-server1.0_1.14u1804/gst-rtsp-server1.0-1.14.1/missing" aclocal-1.15'
ACLOCAL_AMFLAGS='-I m4 -I common/m4'
AMDEPBACKSLASH='\'
AMDEP_FALSE='#'
AMDEP_TRUE=''
AMTAR='$${TAR-tar}'
AM_BACKSLASH='\'
AM_DEFAULT_V='$(AM_DEFAULT_VERBOSITY)'
AM_DEFAULT_VERBOSITY='0'
AM_V='$(V)'
AR='ar'
AS='as'
AUTOCONF='${SHELL} "/home/sky/Downloads/Telegram Desktop/rtsp-streamer/gst-rtsp-server1.0_1.14u1804/gst-rtsp-server1.0-1.14.1/missing" autoconf'
AUTOHEADER='${SHELL} "/home/sky/Downloads/Telegram Desktop/rtsp-streamer/gst-rtsp-server1.0_1.14u1804/gst-rtsp-server1.0-1.14.1/missing" autoheader'
AUTOMAKE='${SHELL} "/home/sky/Downloads/Telegram Desktop/rtsp-streamer/gst-rtsp-server1.0_1.14u1804/gst-rtsp-server1.0-1.14.1/missing" automake-1.15'
AWK='gawk'
BUILD_EXAMPLES_FALSE='#'
BUILD_EXAMPLES_TRUE=''
BUILD_TESTS_FALSE='#'
BUILD_TESTS_TRUE=''
CAT_ENTRY_END=''
CAT_ENTRY_START=''
CC='gcc'
CCAS='gcc'
CCASDEPMODE='depmode=gcc3'
CCASFLAGS='-g -O2'
CCDEPMODE='depmode=gcc3'
CFLAGS='-g -O2'
CPP='gcc -E'
CPPFLAGS=''
CXXFLAGS=''
CYGPATH_W='echo'
DEFAULT_AUDIOSINK=''
DEFAULT_AUDIOSRC=''
DEFAULT_VIDEOSINK=''
DEFAULT_VIDEOSRC=''
DEFAULT_VISUALIZER=''
DEFS=''
DEPDIR='.deps'
DEPRECATED_CFLAGS=''
DLLTOOL='false'
DOCBOOK_ROOT=''
DOC_HTML_FALSE=''
DOC_HTML_TRUE='#'
DOC_PDF_FALSE=''
DOC_PDF_TRUE='#'
DOC_PS_FALSE=''
DOC_PS_TRUE='#'
DSYMUTIL=''
DUMPBIN=''
ECHO_C=''
ECHO_N='-n'
ECHO_T=''
EGREP='/usr/bin/grep -E'
ENABLE_DOCBOOK_FALSE=''
ENABLE_DOCBOOK_TRUE='#'
ENABLE_GTK_DOC_FALSE=''
ENABLE_GTK_DOC_TRUE='#'
ERROR_CFLAGS=''
EXEEXT=''
EXTRA_CFLAGS=''
FFLAGS=''
FGREP='/usr/bin/grep -F'
GCOV=''
GCOV_CFLAGS=''
GCOV_LIBS=''
GIO_CFLAGS='-pthread -I/usr/include/libmount -I/usr/include/blkid -I/usr/include/uuid -I/usr/include/glib-2.0 -I/usr/lib/x86_64-linux-gnu/glib-2.0/include'
GIO_LDFLAGS=''
GIO_LIBS='-lgio-2.0 -lgobject-2.0 -lglib-2.0'
GLIB_CFLAGS='-pthread -I/usr/include/glib-2.0 -I/usr/lib/x86_64-linux-gnu/glib-2.0/include'
GLIB_EXTRA_CFLAGS=' -DG_THREADS_MANDATORY -DG_DISABLE_CAST_CHECKS'
GLIB_GENMARSHAL='/usr/bin/glib-genmarshal'
GLIB_LIBS='-lgobject-2.0 -lgmodule-2.0 -pthread -lglib-2.0'
GLIB_MKENUMS='/usr/bin/glib-mkenums'
GLIB_REQ='2.40.0'
GREP='/usr/bin/grep'
GSTPB_PLUGINS_DIR=''
GSTPD_PLUGINS_DIR=''
GSTPG_PLUGINS_DIR=''
GST_AGE='1401'
GST_ALL_CFLAGS=''
GST_ALL_LDFLAGS=''
GST_ALL_LIBS=''
GST_API_VERSION='1.0'
GST_BASE_CFLAGS=''
GST_BASE_LIBS=''
GST_CFLAGS=''
GST_CHECK_CFLAGS=''
GST_CHECK_LIBS=''
GST_CURRENT='1401'
GST_GCOV_ENABLED_FALSE=''
GST_GCOV_ENABLED_TRUE='#'
GST_LEVEL_DEFAULT=''
GST_LIBS=''
GST_LIBVERSION='1401:0:1401'
GST_LIB_LDFLAGS=''
GST_LICENSE=''
GST_LT_LDFLAGS=' -version-info 1401:0:1401'
GST_NET_CFLAGS=''
GST_NET_LIBS=''
GST_OBJ_CFLAGS=''
GST_OBJ_LIBS=''
GST_OPTION_CFLAGS=''
GST_PACKAGE_NAME='GStreamer RTSP Server Library source release'
GST_PACKAGE_ORIGIN='Unknown package origin'
GST_PKG_CONFIG_PATH='$(top_builddir)/pkgconfig'
GST_PLUGINS_BAD_CFLAGS=''
GST_PLUGINS_BAD_DIR=''
GST_PLUGINS_BAD_LIBS=''
GST_PLUGINS_BASE_CFLAGS=''
GST_PLUGINS_BASE_DIR=''
GST_PLUGINS_BASE_LIBS=''
GST_PLUGINS_DIR=''
GST_PLUGINS_GOOD_CFLAGS=''
GST_PLUGINS_GOOD_DIR=''
GST_PLUGINS_GOOD_LIBS=''
GST_PLUGIN_LDFLAGS=''
GST_REVISION='0'
GST_STATIC_CFLAGS=''
GST_TOOLS_DIR=''
GTKDOC_CHECK=''
GTKDOC_DEPS_CFLAGS=''
GTKDOC_DEPS_LIBS=''
GTKDOC_MKPDF=''
GTKDOC_REBASE='true'
GTK_DOC_BUILD_HTML_FALSE='#'
GTK_DOC_BUILD_HTML_TRUE=''
GTK_DOC_BUILD_PDF_FALSE=''
GTK_DOC_BUILD_PDF_TRUE='#'
GTK_DOC_USE_LIBTOOL_FALSE='#'
GTK_DOC_USE_LIBTOOL_TRUE=''
HAVE_CHECK_FALSE=''
HAVE_CHECK_TRUE=''
HAVE_DOCBOOK2PS=''
HAVE_DVIPS=''
HAVE_EPSTOPDF=''
HAVE_INTROSPECTION_FALSE=''
HAVE_INTROSPECTION_TRUE='#'
HAVE_JADETEX=''
HAVE_LIBCGROUP_FALSE=''
HAVE_LIBCGROUP_TRUE=''
HAVE_PNGTOPNM=''
HAVE_PNMTOPS=''
HAVE_PS2PDF=''
HAVE_VALGRIND_FALSE=''
HAVE_VALGRIND_TRUE='#'
HAVE_XMLLINT=''
HAVE_XSLTPROC=''
HTML_DIR='${datadir}/gtk-doc/html'
INSTALL_DATA='${INSTALL} -m 644'
INSTALL_PROGRAM='${INSTALL}'
INSTALL_SCRIPT='${INSTALL}'
INSTALL_STRIP_PROGRAM='$(install_sh) -c -s'
INTROSPECTION_CFLAGS=''
INTROSPECTION_COMPILER=''
INTROSPECTION_GENERATE=''
INTROSPECTION_GIRDIR=''
INTROSPECTION_INIT=''
INTROSPECTION_LIBS=''
INTROSPECTION_MAKEFILE=''
INTROSPECTION_SCANNER=''
INTROSPECTION_TYPELIBDIR=''
LD='/usr/bin/ld -m elf_x86_64'
LDFLAGS=''
LIBCGROUP_CFLAGS=''
LIBCGROUP_LIBS=''
LIBOBJS=''
LIBS=''
LIBTOOL='$(SHELL) $(top_builddir)/libtool'
LIPO=''
LN_S='ln -s'
LTLIBOBJS=''
LT_SYS_LIBRARY_PATH=''
MAINT=''
MAINTAINER_MODE_FALSE='#'
MAINTAINER_MODE_TRUE=''
MAKEINFO='${SHELL} "/home/sky/Downloads/Telegram Desktop/rtsp-streamer/gst-rtsp-server1.0_1.14u1804/gst-rtsp-server1.0-1.14.1/missing" makeinfo'
MANIFEST_TOOL=':'
MKDIR_P='/usr/bin/mkdir -p'
NM='/usr/bin/nm -B'
NMEDIT=''
OBJDUMP='objdump'
OBJEXT='o'
OTOOL64=''
OTOOL=''
PACKAGE='gst-rtsp-server'
PACKAGE_BUGREPORT='http://bugzilla.gnome.org/enter_bug.cgi?product=GStreamer'
PACKAGE_NAME='GStreamer RTSP Server Library'
PACKAGE_STRING='GStreamer RTSP Server Library 1.14.1'
PACKAGE_TARNAME='gst-rtsp-server'
PACKAGE_URL=''
PACKAGE_VERSION='1.14.1'
PACKAGE_VERSION_MAJOR='1'
PACKAGE_VERSION_MICRO='1'
PACKAGE_VERSION_MINOR='14'
PACKAGE_VERSION_NANO='0'
PACKAGE_VERSION_RELEASE='1'
PATH_SEPARATOR=':'
PKG_CONFIG='/usr/bin/pkg-config'
PLUGINDIR=''
PROFILE_CFLAGS=''
PTHREAD_CC='gcc'
PTHREAD_CFLAGS='-pthread'
PTHREAD_LIBS=''
RANLIB='ranlib'
SED='/usr/bin/sed'
SET_MAKE=''
SHELL='/bin/bash'
STRIP='strip'
VALGRIND_CFLAGS=''
VALGRIND_LIBS=''
VALGRIND_PATH='no'
VERSION='1.14.1'
VISIBILITY_CFLAGS=''
WARNING_CFLAGS=''
XML_CATALOG=''
XSLTPROC=''
XSLTPROC_FLAGS=''
ac_ct_AR='ar'
ac_ct_CC='gcc'
ac_ct_DUMPBIN=''
am__EXEEXT_FALSE=''
am__EXEEXT_TRUE=''
am__fastdepCCAS_FALSE='#'
am__fastdepCCAS_TRUE=''
am__fastdepCC_FALSE='#'
am__fastdepCC_TRUE=''
am__include='include'
am__isrc=''
am__leading_dot='.'
am__nodep='_no'
am__quote=''
am__tar='tar --format=ustar -chf - "$$tardir"'
am__untar='tar -xf -'
ax_pthread_config=''
bindir='${exec_prefix}/bin'
build='x86_64-pc-linux-gnu'
build_alias=''
build_cpu='x86_64'
build_os='linux-gnu'
build_vendor='pc'
datadir='${datarootdir}'
datarootdir='${prefix}/share'
docdir='$(datadir)/doc/gst-rtsp-server-1.0'
dvidir='${docdir}'
exec_prefix='NONE'
host='x86_64-pc-linux-gnu'
host_alias=''
host_cpu='x86_64'
host_os='linux-gnu'
host_vendor='pc'
htmldir='${docdir}'
includedir='${prefix}/include'
infodir='${datarootdir}/info'
install_sh='${SHELL} '\''/home/sky/Downloads/Telegram Desktop/rtsp-streamer/gst-rtsp-server1.0_1.14u1804/gst-rtsp-server1.0-1.14.1/install-sh'\'''
libdir='${exec_prefix}/lib'
libexecdir='${exec_prefix}/libexec'
localedir='${datarootdir}/locale'
localstatedir='${prefix}/var'
mandir='${datarootdir}/man'
mkdir_p='$(MKDIR_P)'
oldincludedir='/usr/include'
pdfdir='${docdir}'
plugindir=''
prefix='NONE'
program_transform_name='s,x,x,'
psdir='${docdir}'
runstatedir='${localstatedir}/run'
sbindir='${exec_prefix}/sbin'
sharedstatedir='${prefix}/com'
sysconfdir='${prefix}/etc'
target='x86_64-pc-linux-gnu'
target_alias=''
target_cpu='x86_64'
target_os='linux-gnu'
target_vendor='pc'

## ----------- ##
## confdefs.h. ##
## ----------- ##

/* confdefs.h */
#define PACKAGE_NAME "GStreamer RTSP Server Library"
#define PACKAGE_TARNAME "gst-rtsp-server"
#define PACKAGE_VERSION "1.14.1"
#define PACKAGE_STRING "GStreamer RTSP Server Library 1.14.1"
#define PACKAGE_BUGREPORT "http://bugzilla.gnome.org/enter_bug.cgi?product=GStreamer"
#define PACKAGE_URL ""
#define PACKAGE "gst-rtsp-server"
#define VERSION "1.14.1"
#define STDC_HEADERS 1
#define HAVE_SYS_TYPES_H 1
#define HAVE_SYS_STAT_H 1
#define HAVE_STDLIB_H 1
#define HAVE_STRING_H 1
#define HAVE_MEMORY_H 1
#define HAVE_STRINGS_H 1
#define HAVE_INTTYPES_H 1
#define HAVE_STDINT_H 1
#define HAVE_UNISTD_H 1
#define HAVE_DLFCN_H 1
#define LT_OBJDIR ".libs/"
#define GST_PACKAGE_NAME "GStreamer RTSP Server Library source release"
#define GST_PACKAGE_ORIGIN "Unknown package origin"
#define GST_PACKAGE_RELEASE_DATETIME "2018-05-17"
#define HAVE_PTHREAD_PRIO_INHERIT 1
#define HAVE_PTHREAD 1
#define GIO_MODULE_DIR "/usr/lib/x86_64-linux-gnu/gio/modules"
#define GIO_LIBDIR "/usr/lib/x86_64-linux-gnu"
#define GIO_PREFIX "/usr"

configure: exit 1
